TN:
SF:src/utils/string.js
FN:1,trimAndCollapseSpaces
FN:4,capitalizeWords
FN:7,(anonymous_2)
FN:10,ellipsize
FN:16,isBlank
FNF:5
FNH:5
FNDA:26,trimAndCollapseSpaces
FNDA:2,capitalizeWords
FNDA:3,(anonymous_2)
FNDA:3,ellipsize
FNDA:13,isBlank
DA:2,26
DA:5,2
DA:7,3
DA:11,3
DA:12,3
DA:13,2
DA:14,1
DA:17,13
DA:19,2
LF:9
LH:9
BRDA:1,0,0,0
BRDA:4,1,0,0
BRDA:7,2,0,2
BRDA:7,2,1,1
BRDA:10,3,0,0
BRDA:10,4,0,0
BRDA:12,5,0,1
BRDA:12,5,1,2
BRDA:13,6,0,1
BRDA:13,6,1,1
BRDA:17,7,0,13
BRDA:17,7,1,5
BRF:12
BRH:8
end_of_record
TN:
SF:src/validators/post.js
FN:2,validatePost
FNF:1
FNH:1
FNDA:5,validatePost
DA:1,1
DA:3,5
DA:4,5
DA:8,5
DA:9,5
DA:10,5
DA:11,5
DA:12,5
DA:14,1
LF:9
LH:9
BRDA:2,0,0,1
BRDA:5,1,0,5
BRDA:5,1,1,1
BRDA:6,2,0,5
BRDA:6,2,1,1
BRDA:8,3,0,2
BRDA:8,3,1,3
BRDA:9,4,0,1
BRDA:9,4,1,4
BRDA:10,5,0,2
BRDA:10,5,1,3
BRDA:11,6,0,3
BRDA:11,6,1,2
BRF:13
BRH:13
end_of_record
